<?xml version="1.0" encoding="UTF-8"?>
<testsuite name="CategoryTest" tests="2" skipped="0" failures="0" errors="0" timestamp="2016-04-28T15:42:39" hostname="epicodus-92.local" time="0.0">
  <properties/>
  <testcase name="category_instantiatesCorrectly_true" classname="CategoryTest" time="0.0"/>
  <testcase name="getName_categoryInstatiatesWithName_Home" classname="CategoryTest" time="0.0"/>
  <system-out><![CDATA[]]></system-out>
  <system-err><![CDATA[]]></system-err>
</testsuite>
